Info: CustomCategory:sigar_view: 9 mini seconds publishing element
Info: DeliveryProcess:sigar_ciclo_vida: 400 mini seconds publishing element
Info: DeliveryProcess:sigar_ciclo_vida: 441 mini seconds publishing process specific layout data
Info: Phase:Iniciação: 117 mini seconds publishing element
Info: Iteration:interacao_1: 117 mini seconds publishing element
Info: Activity:Levantar Requisitos: 121 mini seconds publishing element
Info: Activity:Visao do Projeto: 118 mini seconds publishing element
Info: Activity:configurar_ambiente: 41 mini seconds publishing element
Info: Milestone:documento_visao: 11 mini seconds publishing element
Info: Phase:elaboracao: 156 mini seconds publishing element
Info: Iteration:iteracao_1: 171 mini seconds publishing element
Info: Activity:manage_iteration: 130 mini seconds publishing element
Info: Activity:identify_and_refine_requirements: 106 mini seconds publishing element
Info: Activity:develop_architecture: 132 mini seconds publishing element
Info: Activity:develop_solution: 201 mini seconds publishing element
Info: Activity:testar_solucao: 90 mini seconds publishing element
Info: Milestone:Arquitetura: 10 mini seconds publishing element
Info: Phase: construcao: 223 mini seconds publishing element
Info: Iteration:Iteracao4: 149 mini seconds publishing element
Info: Activity:manage_iteration: 149 mini seconds publishing element
Info: Activity:identify_and_refine_requirements: 101 mini seconds publishing element
Info: Activity:develop_solution: 220 mini seconds publishing element
Info: Activity:Testar a Solucao: 46 mini seconds publishing element
Info: Phase:Transição: 129 mini seconds publishing element
Info: Iteration:iteracao_1: 198 mini seconds publishing element
Info: Activity:manage_iteration: 101 mini seconds publishing element
Info: Activity:develop_solution: 164 mini seconds publishing element
Info: Activity:test_solution: 90 mini seconds publishing element
Info: Activity:ongoing_tasks: 76 mini seconds publishing element
Info: Milestone:New Milestone: 13 mini seconds publishing element
Info: SupportingMaterial:openup_copyright: 10 mini seconds publishing element
Info: TaskDescriptor:find_and_outline_requirements: 54 mini seconds publishing element
Info: TaskDescriptor:detail_requirements: 64 mini seconds publishing element
Info: TaskDescriptor:create_test_cases: 50 mini seconds publishing element
Info: TaskDescriptor:define_vision: 39 mini seconds publishing element
Info: TaskDescriptor:plan_the_project: 35 mini seconds publishing element
Info: TaskDescriptor:Definir ferramentas: 6 mini seconds publishing element
Info: TaskDescriptor:plan_iteration: 32 mini seconds publishing element
Info: TaskDescriptor:manage_iteration: 28 mini seconds publishing element
Info: TaskDescriptor:assess_results: 27 mini seconds publishing element
Info: TaskDescriptor:outline_the_architecture: 45 mini seconds publishing element
Info: TaskDescriptor:refine_the_architecture: 30 mini seconds publishing element
Info: TaskDescriptor:design_solution: 38 mini seconds publishing element
Info: TaskDescriptor:impl_developer_tests: 25 mini seconds publishing element
Info: TaskDescriptor:implement_solution: 28 mini seconds publishing element
Info: TaskDescriptor:run_developer_tests: 24 mini seconds publishing element
Info: TaskDescriptor:integrate_and_create_build: 26 mini seconds publishing element
Info: TaskDescriptor:implement_test_scripts: 34 mini seconds publishing element
Info: TaskDescriptor:integrate_and_create_build: 24 mini seconds publishing element
Info: TaskDescriptor:run_tests: 24 mini seconds publishing element
Info: TaskDescriptor:find_and_outline_requirements: 35 mini seconds publishing element
Info: TaskDescriptor:detail_requirements: 45 mini seconds publishing element
Info: TaskDescriptor:create_test_case: 26 mini seconds publishing element
Info: TaskDescriptor:run_tests: 25 mini seconds publishing element
Info: TaskDescriptor:request_change: 17 mini seconds publishing element
Info: RoleDescriptor:analyst: 17 mini seconds publishing element
Info: RoleDescriptor:architect: 15 mini seconds publishing element
Info: RoleDescriptor:developer: 18 mini seconds publishing element
Info: RoleDescriptor:project_manager: 16 mini seconds publishing element
Info: RoleDescriptor:any_role: 10 mini seconds publishing element
Info: RoleDescriptor:stakeholder: 10 mini seconds publishing element
Info: RoleDescriptor:tester: 12 mini seconds publishing element
Info: WorkProductDescriptor:architecture_notebook: 29 mini seconds publishing element
Info: WorkProductDescriptor:test_case: 20 mini seconds publishing element
Info: WorkProductDescriptor:use_case: 24 mini seconds publishing element
Info: WorkProductDescriptor:build: 17 mini seconds publishing element
Info: WorkProductDescriptor:design: 21 mini seconds publishing element
Info: WorkProductDescriptor:supporting_requirements_spec: 28 mini seconds publishing element
Info: WorkProductDescriptor:glossary: 25 mini seconds publishing element
Info: WorkProductDescriptor:implementation: 32 mini seconds publishing element
Info: WorkProductDescriptor:work_items_list: 33 mini seconds publishing element
Info: WorkProductDescriptor:risk_list: 25 mini seconds publishing element
Info: WorkProductDescriptor:uc_model: 32 mini seconds publishing element
Info: WorkProductDescriptor:iteration_plan: 19 mini seconds publishing element
Info: WorkProductDescriptor:project_plan: 16 mini seconds publishing element
Info: WorkProductDescriptor:test_log: 10 mini seconds publishing element
Info: WorkProductDescriptor:test_script: 14 mini seconds publishing element
Info: WorkProductDescriptor:developer_test: 13 mini seconds publishing element
Info: WorkProductDescriptor:vision: 16 mini seconds publishing element
Info: Activity:identify_and_refine_requirements: 245 mini seconds publishing element
Info: Role:stakeholder: 29 mini seconds publishing element
Info: CapabilityPattern:initiate_project: 69 mini seconds publishing element
Info: CapabilityPattern:initiate_project: 5 mini seconds publishing process specific layout data
Info: Task:find_and_outline_requirements: 69 mini seconds publishing element
Info: Artifact:work_items_list: 44 mini seconds publishing element
Info: Task:detail_requirements: 54 mini seconds publishing element
Info: Task:create_test_cases: 36 mini seconds publishing element
Info: CapabilityPattern:ongoing_tasks: 62 mini seconds publishing element
Info: CapabilityPattern:ongoing_tasks: 3 mini seconds publishing process specific layout data
Info: RoleDescriptor:analyst: 11 mini seconds publishing element
Info: RoleDescriptor:architect: 17 mini seconds publishing element
Info: RoleDescriptor:developer: 11 mini seconds publishing element
Info: RoleDescriptor:stakeholder: 11 mini seconds publishing element
Info: RoleDescriptor:tester: 11 mini seconds publishing element
Info: WorkProductDescriptor:glossary: 12 mini seconds publishing element
Info: WorkProductDescriptor:work_items_list: 27 mini seconds publishing element
Info: WorkProductDescriptor:vision: 20 mini seconds publishing element
Info: Activity:initiate_project: 117 mini seconds publishing element
Info: Role:analyst: 72 mini seconds publishing element
Info: Artifact:vision: 30 mini seconds publishing element
Info: Artifact:project_plan: 22 mini seconds publishing element
Info: Concept:phase_milestones: 17 mini seconds publishing element
Info: RoleDescriptor:analyst: 14 mini seconds publishing element
Info: RoleDescriptor:architect: 17 mini seconds publishing element
Info: RoleDescriptor:developer: 11 mini seconds publishing element
Info: RoleDescriptor:project_manager: 18 mini seconds publishing element
Info: RoleDescriptor:stakeholder: 16 mini seconds publishing element
Info: RoleDescriptor:tester: 13 mini seconds publishing element
Info: WorkProductDescriptor:work_items_list: 26 mini seconds publishing element
Info: WorkProductDescriptor:risk_list: 19 mini seconds publishing element
Info: WorkProductDescriptor:iteration_plan: 23 mini seconds publishing element
Info: WorkProductDescriptor:project_plan: 22 mini seconds publishing element
Info: WorkProductDescriptor:vision: 16 mini seconds publishing element
Info: CapabilityPattern:plan_manage_iteration: 97 mini seconds publishing element
Info: CapabilityPattern:plan_manage_iteration: 10 mini seconds publishing process specific layout data
Info: Role:project_manager: 47 mini seconds publishing element
Info: CapabilityPattern:identify_and_refine_requirements: 637 mini seconds publishing element
Info: CapabilityPattern:identify_and_refine_requirements: 9 mini seconds publishing process specific layout data
Info: RoleDescriptor:analyst: 9 mini seconds publishing element
Info: RoleDescriptor:architect: 18 mini seconds publishing element
Info: RoleDescriptor:developer: 14 mini seconds publishing element
Info: RoleDescriptor:project_manager: 18 mini seconds publishing element
Info: RoleDescriptor:stakeholder: 10 mini seconds publishing element
Info: RoleDescriptor:tester: 8 mini seconds publishing element
Info: WorkProductDescriptor:architecture: 21 mini seconds publishing element
Info: WorkProductDescriptor:use_case: 12 mini seconds publishing element
Info: WorkProductDescriptor:supporting_requirements_spec: 18 mini seconds publishing element
Info: WorkProductDescriptor:glossary: 13 mini seconds publishing element
Info: WorkProductDescriptor:work_items_list: 19 mini seconds publishing element
Info: WorkProductDescriptor:uc_model: 13 mini seconds publishing element
Info: WorkProductDescriptor:test_log: 10 mini seconds publishing element
Info: WorkProductDescriptor:vision: 15 mini seconds publishing element
Info: CapabilityPattern:develop_architecture: 134 mini seconds publishing element
Info: CapabilityPattern:develop_architecture: 112 mini seconds publishing process specific layout data
Info: RoleDescriptor:analyst: 9 mini seconds publishing element
Info: RoleDescriptor:architect: 14 mini seconds publishing element
Info: RoleDescriptor:developer: 20 mini seconds publishing element
Info: RoleDescriptor:stakeholder: 9 mini seconds publishing element
Info: RoleDescriptor:tester: 11 mini seconds publishing element
Info: WorkProductDescriptor:architecture_notebook: 17 mini seconds publishing element
Info: WorkProductDescriptor:use_case: 13 mini seconds publishing element
Info: WorkProductDescriptor:build: 16 mini seconds publishing element
Info: WorkProductDescriptor:design: 18 mini seconds publishing element
Info: WorkProductDescriptor:supporting_requirements_spec: 18 mini seconds publishing element
Info: CapabilityPattern:develop_solution: 179 mini seconds publishing element
Info: CapabilityPattern:develop_solution: 108 mini seconds publishing process specific layout data
Info: RoleDescriptor:analyst: 10 mini seconds publishing element
Info: RoleDescriptor:developer: 12 mini seconds publishing element
Info: RoleDescriptor:stakeholder: 9 mini seconds publishing element
Info: RoleDescriptor:tester: 19 mini seconds publishing element
Info: WorkProductDescriptor:test_case: 17 mini seconds publishing element
Info: WorkProductDescriptor:build: 236 mini seconds publishing element
Info: WorkProductDescriptor:supporting_requirements_spec: 18 mini seconds publishing element
Info: WorkProductDescriptor:implementation: 10 mini seconds publishing element
Info: WorkProductDescriptor:work_items_list: 21 mini seconds publishing element
Info: WorkProductDescriptor:test_log: 14 mini seconds publishing element
Info: WorkProductDescriptor:test_script: 17 mini seconds publishing element
Info: WorkProductDescriptor:developer_test: 9 mini seconds publishing element
Info: CapabilityPattern:test_solution: 79 mini seconds publishing element
Info: CapabilityPattern:test_solution: 6 mini seconds publishing process specific layout data
Info: Role:tester: 44 mini seconds publishing element
Info: Guideline:test_suite: 12 mini seconds publishing element
Info: WorkProductDescriptor:test_case: 19 mini seconds publishing element
Info: WorkProductDescriptor:use_case: 19 mini seconds publishing element
Info: WorkProductDescriptor:supporting_requirements_spec: 20 mini seconds publishing element
Info: WorkProductDescriptor:glossary: 11 mini seconds publishing element
Info: WorkProductDescriptor:uc_model: 22 mini seconds publishing element
Info: RoleDescriptor:analyst: 14 mini seconds publishing element
Info: RoleDescriptor:architect: 14 mini seconds publishing element
Info: RoleDescriptor:developer: 10 mini seconds publishing element
Info: RoleDescriptor:stakeholder: 9 mini seconds publishing element
Info: RoleDescriptor:tester: 15 mini seconds publishing element
Info: WorkProductDescriptor:work_items_list: 18 mini seconds publishing element
Info: WorkProductDescriptor:iteration_plan: 15 mini seconds publishing element
Info: WorkProductDescriptor:vision: 16 mini seconds publishing element
Info: Activity:transition_phase_iteration: 265 mini seconds publishing element
Info: Concept:transition_phase: 17 mini seconds publishing element
Info: CapabilityPattern:transition_phase_iteration: 198 mini seconds publishing element
Info: CapabilityPattern:transition_phase_iteration: 138 mini seconds publishing process specific layout data
Info: RoleDescriptor:any_role: 10 mini seconds publishing element
Info: WorkProductDescriptor:work_items_list: 18 mini seconds publishing element
Info: Task:request_change: 15 mini seconds publishing element
Info: Role:any_role: 22 mini seconds publishing element
Info: Concept:change_requests: 9 mini seconds publishing element
Info: Guideline:req_gathering_techniques: 26 mini seconds publishing element
Info: Artifact:glossary: 22 mini seconds publishing element
Info: Concept:requirements: 15 mini seconds publishing element
Info: Concept:supporting_requirements: 21 mini seconds publishing element
Info: Guideline:supporting_requirements: 23 mini seconds publishing element
Info: Guideline:effective_req_reviews: 19 mini seconds publishing element
Info: Concept:actor: 22 mini seconds publishing element
Info: Artifact:use_case: 33 mini seconds publishing element
Info: Artifact:uc_model: 31 mini seconds publishing element
Info: Guideline:find_and_outline_actors_and_ucs: 16 mini seconds publishing element
Info: Concept:core_principle_collaborate: 16 mini seconds publishing element
Info: Checklist:actor: 24 mini seconds publishing element
Info: Checklist:use_case: 29 mini seconds publishing element
Info: Checklist:uc_model: 23 mini seconds publishing element
Info: Checklist:good_requirements: 31 mini seconds publishing element
Info: Checklist:supporting_requirements: 27 mini seconds publishing element
Info: Concept:use_case: 33 mini seconds publishing element
Info: Concept:use_case_model: 25 mini seconds publishing element
Info: Guideline:requirement_pitfalls: 16 mini seconds publishing element
Info: Guideline:writing_good_requirements: 22 mini seconds publishing element
Info: Guideline:uc_model: 29 mini seconds publishing element
Info: Artifact:iteration_plan: 34 mini seconds publishing element
Info: Concept:architecturally_significant_requirements: 15 mini seconds publishing element
Info: Guideline:use_case_formats: 21 mini seconds publishing element
Info: Guideline:detail_ucs_and_scenarios: 31 mini seconds publishing element
Info: Artifact:supporting_requirements_spec: 45 mini seconds publishing element
Info: Concept:requirement_attributes: 18 mini seconds publishing element
Info: Concept:traceability: 15 mini seconds publishing element
Info: Role:developer: 96 mini seconds publishing element
Info: Checklist:test_case: 14 mini seconds publishing element
Info: Template:test_case: 13 mini seconds publishing element
Info: Task:define_vision: 41 mini seconds publishing element
Info: Template:vision: 18 mini seconds publishing element
Info: Role:architect: 51 mini seconds publishing element
Info: TermDefinition:feature: 7 mini seconds publishing element
Info: Checklist:vision: 23 mini seconds publishing element
Info: Task:plan_the_project: 42 mini seconds publishing element
Info: Guideline:agile_estimation: 20 mini seconds publishing element
Info: Artifact:risk_list: 22 mini seconds publishing element
Info: Concept:project_lifecycle: 19 mini seconds publishing element
Info: Task:plan_iteration: 35 mini seconds publishing element
Info: Concept:iteration: 18 mini seconds publishing element
Info: Concept:risk: 31 mini seconds publishing element
Info: Guideline:staffing_project: 11 mini seconds publishing element
Info: Guideline:self_organize_work_assignments: 15 mini seconds publishing element
Info: Guideline:risk_management: 15 mini seconds publishing element
Info: Concept:iteration_lifecycle: 16 mini seconds publishing element
Info: Concept:micro_increments: 16 mini seconds publishing element
Info: Guideline:assign_changes_to_iteration: 11 mini seconds publishing element
Info: Guideline:work_items_list: 23 mini seconds publishing element
Info: Guideline:deploying_the_solution: 13 mini seconds publishing element
Info: Guideline:iteration_planning: 15 mini seconds publishing element
Info: Task:manage_iteration: 31 mini seconds publishing element
Info: Guideline:daily_meetings: 12 mini seconds publishing element
Info: Report:project_burndown: 10 mini seconds publishing element
Info: Report:iteration_burndown: 10 mini seconds publishing element
Info: Concept:metrics: 12 mini seconds publishing element
Info: Task:assess_results: 30 mini seconds publishing element
Info: Guideline:iteration_assessment: 9 mini seconds publishing element
Info: SupportingMaterial:resources_for_modifying_methods: 16 mini seconds publishing element
Info: Concept:retrospective: 13 mini seconds publishing element
Info: Guideline:conduct_retrospective: 14 mini seconds publishing element
Info: Task:outline_the_architecture: 63 mini seconds publishing element
Info: Guideline:determine_architecturally_significant_requirements: 15 mini seconds publishing element
Info: Artifact:architecture_notebook: 30 mini seconds publishing element
Info: Artifact:design: 24 mini seconds publishing element
Info: Artifact:build: 17 mini seconds publishing element
Info: Concept:arch_mech: 21 mini seconds publishing element
Info: Guideline:architectural_mechanisms: 14 mini seconds publishing element
Info: Guideline:outline_the_architecture: 19 mini seconds publishing element
Info: Concept:software_architecture: 27 mini seconds publishing element
Info: Guideline:layering: 17 mini seconds publishing element
Info: Task:refine_the_architecture: 36 mini seconds publishing element
Info: Concept:executable_architecture: 14 mini seconds publishing element
Info: Concept:elaboration_phase: 14 mini seconds publishing element
Info: Concept:business_pattern: 9 mini seconds publishing element
Info: Guideline:develop_architecture: 12 mini seconds publishing element
Info: Guideline:software_reuse: 18 mini seconds publishing element
Info: Task:design_solution: 53 mini seconds publishing element
Info: Guideline:analyze_the_design: 18 mini seconds publishing element
Info: Guideline:evolve_the_design: 23 mini seconds publishing element
Info: Guideline:entity_control_boundary_pattern: 18 mini seconds publishing element
Info: Concept:design: 18 mini seconds publishing element
Info: Artifact:implementation: 16 mini seconds publishing element
Info: Concept:pattern: 31 mini seconds publishing element
Info: Concept:refactoring: 16 mini seconds publishing element
Info: Guideline:designing_visually: 37 mini seconds publishing element
Info: Guideline:uc_realizations: 16 mini seconds publishing element
Info: Task:impl_developer_tests: 34 mini seconds publishing element
Info: Artifact:developer_test: 18 mini seconds publishing element
Info: Concept:test_first_design: 13 mini seconds publishing element
Info: Concept:developer_testing: 675 mini seconds publishing element
Info: Guideline:test_first_design: 20 mini seconds publishing element
Info: Task:implement_solution: 34 mini seconds publishing element
Info: Concept:continuous_integration: 15 mini seconds publishing element
Info: Guideline:promoting_changes: 15 mini seconds publishing element
Info: Guideline:transforming_design_into_implementation: 9 mini seconds publishing element
Info: Task:run_developer_tests: 21 mini seconds publishing element
Info: Artifact:test_log: 16 mini seconds publishing element
Info: Guideline:maintaining_automated_test_suite: 12 mini seconds publishing element
Info: Guideline:programming_automated_tests: 16 mini seconds publishing element
Info: Task:integrate_and_create_build: 30 mini seconds publishing element
Info: Concept:workspace: 11 mini seconds publishing element
Info: Concept:change_set: 10 mini seconds publishing element
Info: Guideline:continuous_integration: 16 mini seconds publishing element
Info: Task:implement_test_scripts: 35 mini seconds publishing element
Info: Checklist:test_script: 12 mini seconds publishing element
Info: Task:run_tests: 30 mini seconds publishing element
Info: Artifact:test_script: 17 mini seconds publishing element
Info: Guideline:submitting_change_requests: 8 mini seconds publishing element
Info: Concept:core_principle_focus: 16 mini seconds publishing element
Info: Template:architecture_notebook: 12 mini seconds publishing element
Info: Checklist:architecture_notebook: 17 mini seconds publishing element
Info: Concept:component: 19 mini seconds publishing element
Info: Concept:visual_modeling: 22 mini seconds publishing element
Info: Guideline:abstract_away_complexity: 18 mini seconds publishing element
Info: Guideline:architectural_view: 18 mini seconds publishing element
Info: Artifact:test_case: 20 mini seconds publishing element
Info: Concept:types_of_test: 14 mini seconds publishing element
Info: Template:uc_specification: 12 mini seconds publishing element
Info: Example:use_case_spec: 20 mini seconds publishing element
Info: Template:design: 8 mini seconds publishing element
Info: Checklist:design: 31 mini seconds publishing element
Info: Template:supporting_requirements_spec: 12 mini seconds publishing element
Info: Checklist:implementation: 15 mini seconds publishing element
Info: Concept:coding_standard: 9 mini seconds publishing element
Info: Template:work_items_list: 10 mini seconds publishing element
Info: Example:work_items_list: 16 mini seconds publishing element
Info: Checklist:work_items_list: 15 mini seconds publishing element
Info: Guideline:prioritizing_work_items: 19 mini seconds publishing element
Info: TermDefinition:risk: 5 mini seconds publishing element
Info: Template:risk_list: 10 mini seconds publishing element
Info: Checklist:risk_list: 13 mini seconds publishing element
Info: Example:uc_model_evolve: 51 mini seconds publishing element
Info: Template:iteration_plan: 13 mini seconds publishing element
Info: Example:iteration_plan: 18 mini seconds publishing element
Info: Checklist:iteration_plan: 16 mini seconds publishing element
Info: Template:project_plan: 17 mini seconds publishing element
Info: Example:project_plan: 11 mini seconds publishing element
Info: Checklist:project_plan: 11 mini seconds publishing element
Info: Template:manual_test_script: 11 mini seconds publishing element
Info: CapabilityPattern:inception_phase_iteration: 931 mini seconds publishing element
Info: CapabilityPattern:inception_phase_iteration: 172 mini seconds publishing process specific layout data
Info: RoleSet:openup_roles: 17 mini seconds publishing element
Info: Discipline:requirements: 23 mini seconds publishing element
Info: Domain:project_management: 13 mini seconds publishing element
Info: WorkProductType:project_data: 8 mini seconds publishing element
Info: Discipline:test: 15 mini seconds publishing element
Info: Domain:requirements: 7 mini seconds publishing element
Info: WorkProductType:concept: 6 mini seconds publishing element
Info: WorkProductType:plan: 373 mini seconds publishing element
Info: Discipline:project_management: 19 mini seconds publishing element
Info: SupportingMaterial:references: 23 mini seconds publishing element
Info: Concept:inception_phase: 13 mini seconds publishing element
Info: Concept:construction_phase: 12 mini seconds publishing element
Info: DeliveryProcess:openup_lifecycle: 360 mini seconds publishing element
Info: DeliveryProcess:openup_lifecycle: 381 mini seconds publishing process specific layout data
Info: Discipline:config_and_change_management: 16 mini seconds publishing element
Info: WorkProductType:specification: 9 mini seconds publishing element
Info: WorkProductType:model_element: 6 mini seconds publishing element
Info: WorkProductType:model: 6 mini seconds publishing element
Info: SupportingMaterial:openup_family: 8 mini seconds publishing element
Info: Discipline:architecture: 17 mini seconds publishing element
Info: TermDefinition:stakeholder_need: 5 mini seconds publishing element
Info: Concept:core_principle_balance: 11 mini seconds publishing element
Info: Concept:phase: 8 mini seconds publishing element
Info: TermDefinition:work_item: 6 mini seconds publishing element
Info: Concept:core_principle_evolve: 14 mini seconds publishing element
Info: Example:project_burndown_report_example: 11 mini seconds publishing element
Info: Example:iteration_burndown_report_example: 11 mini seconds publishing element
Info: TermDefinition:method_library: 7 mini seconds publishing element
Info: TermDefinition:method_plugin: 6 mini seconds publishing element
Info: TermDefinition:content_package: 7 mini seconds publishing element
Info: TermDefinition:process_package: 6 mini seconds publishing element
Info: TermDefinition:content_element: 6 mini seconds publishing element
Info: TermDefinition:role: 6 mini seconds publishing element
Info: TermDefinition:task: 6 mini seconds publishing element
Info: TermDefinition:work_product: 6 mini seconds publishing element
Info: TermDefinition:guidance: 6 mini seconds publishing element
Info: TermDefinition:capability_pattern: 11 mini seconds publishing element
Info: TermDefinition:delivery_process: 6 mini seconds publishing element
Info: TermDefinition:method_configuration: 7 mini seconds publishing element
Info: TermDefinition:custom_category: 6 mini seconds publishing element
Info: Domain:architecture: 12 mini seconds publishing element
Info: Domain:development: 9 mini seconds publishing element
Info: WorkProductType:solution: 9 mini seconds publishing element
Info: Example:architectural_mechanisms: 12 mini seconds publishing element
Info: Example:architectural_mechanism_attributes: 9 mini seconds publishing element
Info: Discipline:development: 20 mini seconds publishing element
Info: Guideline:refactoring: 399 mini seconds publishing element
Info: Guideline:developer_testing: 15 mini seconds publishing element
Info: TermDefinition:code_instrumentation: 6 mini seconds publishing element
Info: Domain:test: 7 mini seconds publishing element
Info: Activity:manage_iteration: 107 mini seconds publishing element
Info: Activity:agree_technical_approach: 103 mini seconds publishing element
Info: TaskDescriptor:outline_the_architecture: 36 mini seconds publishing element
Info: CustomCategory:collab_commun_layer: 9 mini seconds publishing element
Info: CustomCategory:management_layer: 7 mini seconds publishing element
Info: CustomCategory:intent_layer: 7 mini seconds publishing element
Info: CustomCategory:solution_layer: 7 mini seconds publishing element
Info: Concept:failure_analysis_rpt_creation: 10 mini seconds publishing element
Info: Activity:inception_phase_iteration: 173 mini seconds publishing element
Info: Milestone:lifecycle_objectives: 9 mini seconds publishing element
Info: Activity:elaboration_phase_iteration: 229 mini seconds publishing element
Info: Activity:manage_iteration: 120 mini seconds publishing element
Info: Activity:identify_and_refine_requirements: 97 mini seconds publishing element
Info: Activity:develop_architecture: 112 mini seconds publishing element
Info: Activity:develop_solution: 374 mini seconds publishing element
Info: Activity:Test Solution: 84 mini seconds publishing element
Info: Activity:ongoing_tasks: 64 mini seconds publishing element
Info: Milestone:lifecycle_architecture: 9 mini seconds publishing element
Info: Activity:construction_phase_iteration: 198 mini seconds publishing element
Info: Activity:manage_iteration: 126 mini seconds publishing element
Info: Activity:identify_and_refine_requirements: 75 mini seconds publishing element
Info: TaskDescriptor:find_and_outline_requirements: 37 mini seconds publishing element
Info: TaskDescriptor:detail_requirements: 50 mini seconds publishing element
Info: TaskDescriptor:create_test_case: 26 mini seconds publishing element
Info: Activity:develop_solution: 174 mini seconds publishing element
Info: Activity:test_solution: 705 mini seconds publishing element
Info: Activity:ongoing_tasks: 64 mini seconds publishing element
Info: Milestone:initial_operational_capability: 9 mini seconds publishing element
Info: Milestone:product_release: 9 mini seconds publishing element
Info: CapabilityPattern:elaboration_phase_iteration: 225 mini seconds publishing element
Info: CapabilityPattern:elaboration_phase_iteration: 231 mini seconds publishing process specific layout data
Info: CapabilityPattern:construction_phase_iteration: 210 mini seconds publishing element
Info: CapabilityPattern:construction_phase_iteration: 163 mini seconds publishing process specific layout data
Info: TermDefinition:version: 6 mini seconds publishing element
Info: TermDefinition:configuration: 6 mini seconds publishing element
Info: CapabilityPattern:agree_technical_approach: 63 mini seconds publishing element
Info: CapabilityPattern:agree_technical_approach: 5 mini seconds publishing process specific layout data
Info: CustomCategory:architectural_mechanisms: 8 mini seconds publishing element
Info: TermDefinition:process: 6 mini seconds publishing element
Info: TermDefinition:artifact: 7 mini seconds publishing element
Info: TermDefinition:uma: 6 mini seconds publishing element
Info: TermDefinition:method_content: 7 mini seconds publishing element
Info: TermDefinition:activity: 6 mini seconds publishing element
Info: TermDefinition:discipline: 5 mini seconds publishing element
Info: TermDefinition:breakdown_structure: 7 mini seconds publishing element
Info: TermDefinition:view: 6 mini seconds publishing element
Info: Concept:collective_code_ownership: 7 mini seconds publishing element
Info: RoleDescriptor:analyst: 18 mini seconds publishing element
Info: RoleDescriptor:architect: 16 mini seconds publishing element
Info: RoleDescriptor:developer: 9 mini seconds publishing element
Info: RoleDescriptor:project_manager: 11 mini seconds publishing element
Info: RoleDescriptor:stakeholder: 8 mini seconds publishing element
Info: WorkProductDescriptor:architecture_notebook: 18 mini seconds publishing element
Info: WorkProductDescriptor:use_case: 10 mini seconds publishing element
Info: WorkProductDescriptor:supporting_requirements_spec: 16 mini seconds publishing element
Info: WorkProductDescriptor:glossary: 11 mini seconds publishing element
Info: WorkProductDescriptor:uc_model: 12 mini seconds publishing element
Info: WorkProductDescriptor:vision: 14 mini seconds publishing element
Info: CustomCategory:core_principles_category: 8 mini seconds publishing element
Info: WorkProductDescriptor:test_case: 19 mini seconds publishing element
Info: WorkProductDescriptor:use_case: 21 mini seconds publishing element
Info: WorkProductDescriptor:supporting_requirements_spec: 19 mini seconds publishing element
Info: WorkProductDescriptor:glossary: 10 mini seconds publishing element
Info: WorkProductDescriptor:uc_model: 22 mini seconds publishing element
Info: RoleDescriptor:analyst: 13 mini seconds publishing element
Info: RoleDescriptor:architect: 14 mini seconds publishing element
Info: RoleDescriptor:developer: 10 mini seconds publishing element
Info: RoleDescriptor:stakeholder: 9 mini seconds publishing element
Info: RoleDescriptor:tester: 12 mini seconds publishing element
Info: WorkProductDescriptor:work_items_list: 18 mini seconds publishing element
Info: WorkProductDescriptor:iteration_plan: 20 mini seconds publishing element
Info: WorkProductDescriptor:vision: 16 mini seconds publishing element
Info: TermDefinition:model: 6 mini seconds publishing element
Info: TermDefinition:model_element: 8 mini seconds publishing element
Info: TermDefinition:document: 6 mini seconds publishing element
Info: TermDefinition:breakdown_element: 5 mini seconds publishing element
Info: TermDefinition:descriptor: 6 mini seconds publishing element
Info: TermDefinition:view_element: 6 mini seconds publishing element
Info: : Publishing time: 0 minutes 27 seconds
