Info: CustomCategory:sigar_view: 14 mini seconds publishing element
Info: DeliveryProcess:sigar_ciclo_vida: 377 mini seconds publishing element
Info: DeliveryProcess:sigar_ciclo_vida: 434 mini seconds publishing process specific layout data
Info: Phase:iniciacao: 163 mini seconds publishing element
Info: Iteration:interacao_1: 169 mini seconds publishing element
Info: Activity:Visao do Projeto: 91 mini seconds publishing element
Info: Activity:configurar_ambiente: 42 mini seconds publishing element
Info: Activity:Desenvolver Visão Técnica: 86 mini seconds publishing element
Info: Iteration:Iteração 2: 120 mini seconds publishing element
Info: Activity:Levantar Requisitos: 113 mini seconds publishing element
Info: Milestone:documento_visao: 14 mini seconds publishing element
Info: Phase:elaboracao: 176 mini seconds publishing element
Info: Iteration:iteracao_1: 212 mini seconds publishing element
Info: Activity:manage_iteration: 112 mini seconds publishing element
Info: Activity:identify_and_refine_requirements: 108 mini seconds publishing element
Info: Activity:develop_architecture: 117 mini seconds publishing element
Info: Activity:develop_solution: 192 mini seconds publishing element
Info: Activity:testar_solucao: 102 mini seconds publishing element
Info: Milestone:Arquitetura: 8 mini seconds publishing element
Info: Phase: construcao: 130 mini seconds publishing element
Info: Iteration:Iteracao4: 155 mini seconds publishing element
Info: Activity:manage_iteration: 133 mini seconds publishing element
Info: Activity:develop_solution: 182 mini seconds publishing element
Info: Activity:Testar a Solucao: 46 mini seconds publishing element
Info: Phase:transicao: 60 mini seconds publishing element
Info: Iteration:Iteracao 5: 37 mini seconds publishing element
Info: Milestone:New Milestone: 8 mini seconds publishing element
Info: SupportingMaterial:openup_copyright: 12 mini seconds publishing element
Info: TaskDescriptor:define_vision: 43 mini seconds publishing element
Info: TaskDescriptor:plan_the_project: 54 mini seconds publishing element
Info: TaskDescriptor:Definir ferramentas: 9 mini seconds publishing element
Info: TaskDescriptor:comunicacao_interna: 13 mini seconds publishing element
Info: TaskDescriptor:comunicao_externa: 10 mini seconds publishing element
Info: TaskDescriptor:Criar Cronograma: 15 mini seconds publishing element
Info: TaskDescriptor:Definir Objetivos: 9 mini seconds publishing element
Info: TaskDescriptor:Criar EAP: 7 mini seconds publishing element
Info: TaskDescriptor:find_and_outline_requirements: 57 mini seconds publishing element
Info: TaskDescriptor:detail_requirements: 59 mini seconds publishing element
Info: TaskDescriptor:create_test_cases: 36 mini seconds publishing element
Info: TaskDescriptor:plan_iteration: 34 mini seconds publishing element
Info: TaskDescriptor:manage_iteration: 31 mini seconds publishing element
Info: TaskDescriptor:assess_results: 30 mini seconds publishing element
Info: TaskDescriptor:outline_the_architecture: 48 mini seconds publishing element
Info: TaskDescriptor:refine_the_architecture: 34 mini seconds publishing element
Info: TaskDescriptor:design_solution: 42 mini seconds publishing element
Info: TaskDescriptor:impl_developer_tests: 26 mini seconds publishing element
Info: TaskDescriptor:implement_solution: 30 mini seconds publishing element
Info: TaskDescriptor:run_developer_tests: 23 mini seconds publishing element
Info: TaskDescriptor:integrate_and_create_build: 31 mini seconds publishing element
Info: TaskDescriptor:implement_test_scripts: 31 mini seconds publishing element
Info: TaskDescriptor:integrate_and_create_build: 26 mini seconds publishing element
Info: TaskDescriptor:run_tests: 28 mini seconds publishing element
Info: TaskDescriptor:run_tests: 28 mini seconds publishing element
Info: RoleDescriptor:analyst: 15 mini seconds publishing element
Info: RoleDescriptor:architect: 16 mini seconds publishing element
Info: RoleDescriptor:developer: 14 mini seconds publishing element
Info: RoleDescriptor:project_manager: 15 mini seconds publishing element
Info: RoleDescriptor:any_role: 9 mini seconds publishing element
Info: RoleDescriptor:stakeholder: 10 mini seconds publishing element
Info: RoleDescriptor:tester: 14 mini seconds publishing element
Info: WorkProductDescriptor:architecture_notebook: 21 mini seconds publishing element
Info: WorkProductDescriptor:test_case: 19 mini seconds publishing element
Info: WorkProductDescriptor:use_case: 22 mini seconds publishing element
Info: WorkProductDescriptor:build: 17 mini seconds publishing element
Info: WorkProductDescriptor:design: 19 mini seconds publishing element
Info: WorkProductDescriptor:supporting_requirements_spec: 26 mini seconds publishing element
Info: WorkProductDescriptor:glossary: 12 mini seconds publishing element
Info: WorkProductDescriptor:implementation: 20 mini seconds publishing element
Info: WorkProductDescriptor:work_items_list: 26 mini seconds publishing element
Info: WorkProductDescriptor:work_items_list: 23 mini seconds publishing element
Info: WorkProductDescriptor:risk_list: 17 mini seconds publishing element
Info: WorkProductDescriptor:uc_model: 23 mini seconds publishing element
Info: WorkProductDescriptor:iteration_plan: 17 mini seconds publishing element
Info: WorkProductDescriptor:project_plan: 17 mini seconds publishing element
Info: WorkProductDescriptor:test_log: 11 mini seconds publishing element
Info: WorkProductDescriptor:test_script: 12 mini seconds publishing element
Info: WorkProductDescriptor:developer_test: 13 mini seconds publishing element
Info: WorkProductDescriptor:vision: 11 mini seconds publishing element
Info: WorkProductDescriptor:vision: 18 mini seconds publishing element
Info: Activity:initiate_project: 115 mini seconds publishing element
Info: Role:analyst: 57 mini seconds publishing element
Info: Role:stakeholder: 39 mini seconds publishing element
Info: Artifact:vision: 32 mini seconds publishing element
Info: Artifact:project_plan: 24 mini seconds publishing element
Info: Concept:phase_milestones: 19 mini seconds publishing element
Info: RoleDescriptor:project_manager: 12 mini seconds publishing element
Info: WorkProductDescriptor:risk_list: 11 mini seconds publishing element
Info: WorkProductDescriptor:project_plan: 15 mini seconds publishing element
Info: RoleDescriptor:analyst: 17 mini seconds publishing element
Info: RoleDescriptor:architect: 16 mini seconds publishing element
Info: RoleDescriptor:developer: 13 mini seconds publishing element
Info: RoleDescriptor:stakeholder: 11 mini seconds publishing element
Info: RoleDescriptor:tester: 14 mini seconds publishing element
Info: WorkProductDescriptor:glossary: 21 mini seconds publishing element
Info: WorkProductDescriptor:work_items_list: 30 mini seconds publishing element
Info: WorkProductDescriptor:iteration_plan: 17 mini seconds publishing element
Info: WorkProductDescriptor:vision: 18 mini seconds publishing element
Info: Activity:identify_and_refine_requirements: 245 mini seconds publishing element
Info: CapabilityPattern:initiate_project: 74 mini seconds publishing element
Info: CapabilityPattern:initiate_project: 6 mini seconds publishing process specific layout data
Info: Task:find_and_outline_requirements: 65 mini seconds publishing element
Info: Artifact:work_items_list: 45 mini seconds publishing element
Info: Task:detail_requirements: 57 mini seconds publishing element
Info: Task:create_test_cases: 546 mini seconds publishing element
Info: CapabilityPattern:ongoing_tasks: 78 mini seconds publishing element
Info: CapabilityPattern:ongoing_tasks: 2 mini seconds publishing process specific layout data
Info: RoleDescriptor:analyst: 13 mini seconds publishing element
Info: RoleDescriptor:architect: 17 mini seconds publishing element
Info: RoleDescriptor:developer: 12 mini seconds publishing element
Info: RoleDescriptor:project_manager: 19 mini seconds publishing element
Info: RoleDescriptor:any_role: 11 mini seconds publishing element
Info: RoleDescriptor:stakeholder: 12 mini seconds publishing element
Info: RoleDescriptor:tester: 14 mini seconds publishing element
Info: WorkProductDescriptor:work_items_list: 26 mini seconds publishing element
Info: WorkProductDescriptor:risk_list: 21 mini seconds publishing element
Info: WorkProductDescriptor:iteration_plan: 25 mini seconds publishing element
Info: WorkProductDescriptor:project_plan: 22 mini seconds publishing element
Info: WorkProductDescriptor:vision: 17 mini seconds publishing element
Info: CapabilityPattern:plan_manage_iteration: 105 mini seconds publishing element
Info: CapabilityPattern:plan_manage_iteration: 9 mini seconds publishing process specific layout data
Info: Role:project_manager: 46 mini seconds publishing element
Info: CapabilityPattern:identify_and_refine_requirements: 104 mini seconds publishing element
Info: CapabilityPattern:identify_and_refine_requirements: 11 mini seconds publishing process specific layout data
Info: RoleDescriptor:analyst: 11 mini seconds publishing element
Info: RoleDescriptor:architect: 16 mini seconds publishing element
Info: RoleDescriptor:developer: 11 mini seconds publishing element
Info: RoleDescriptor:project_manager: 15 mini seconds publishing element
Info: RoleDescriptor:stakeholder: 12 mini seconds publishing element
Info: RoleDescriptor:tester: 9 mini seconds publishing element
Info: WorkProductDescriptor:architecture: 65 mini seconds publishing element
Info: WorkProductDescriptor:use_case: 13 mini seconds publishing element
Info: WorkProductDescriptor:supporting_requirements_spec: 19 mini seconds publishing element
Info: WorkProductDescriptor:glossary: 16 mini seconds publishing element
Info: WorkProductDescriptor:work_items_list: 21 mini seconds publishing element
Info: WorkProductDescriptor:uc_model: 18 mini seconds publishing element
Info: WorkProductDescriptor:test_log: 21 mini seconds publishing element
Info: WorkProductDescriptor:vision: 20 mini seconds publishing element
Info: CapabilityPattern:develop_architecture: 156 mini seconds publishing element
Info: CapabilityPattern:develop_architecture: 116 mini seconds publishing process specific layout data
Info: RoleDescriptor:analyst: 10 mini seconds publishing element
Info: RoleDescriptor:architect: 15 mini seconds publishing element
Info: RoleDescriptor:developer: 27 mini seconds publishing element
Info: RoleDescriptor:stakeholder: 10 mini seconds publishing element
Info: RoleDescriptor:tester: 12 mini seconds publishing element
Info: WorkProductDescriptor:architecture_notebook: 19 mini seconds publishing element
Info: WorkProductDescriptor:use_case: 15 mini seconds publishing element
Info: WorkProductDescriptor:build: 17 mini seconds publishing element
Info: WorkProductDescriptor:design: 19 mini seconds publishing element
Info: WorkProductDescriptor:supporting_requirements_spec: 20 mini seconds publishing element
Info: CapabilityPattern:develop_solution: 182 mini seconds publishing element
Info: CapabilityPattern:develop_solution: 79 mini seconds publishing process specific layout data
Info: RoleDescriptor:analyst: 10 mini seconds publishing element
Info: RoleDescriptor:developer: 15 mini seconds publishing element
Info: RoleDescriptor:stakeholder: 9 mini seconds publishing element
Info: RoleDescriptor:tester: 18 mini seconds publishing element
Info: WorkProductDescriptor:test_case: 16 mini seconds publishing element
Info: WorkProductDescriptor:build: 19 mini seconds publishing element
Info: WorkProductDescriptor:supporting_requirements_spec: 17 mini seconds publishing element
Info: WorkProductDescriptor:implementation: 11 mini seconds publishing element
Info: WorkProductDescriptor:work_items_list: 21 mini seconds publishing element
Info: WorkProductDescriptor:test_log: 13 mini seconds publishing element
Info: WorkProductDescriptor:test_script: 19 mini seconds publishing element
Info: WorkProductDescriptor:developer_test: 10 mini seconds publishing element
Info: CapabilityPattern:test_solution: 88 mini seconds publishing element
Info: CapabilityPattern:test_solution: 5 mini seconds publishing process specific layout data
Info: Role:tester: 47 mini seconds publishing element
Info: Guideline:test_suite: 13 mini seconds publishing element
Info: Task:define_vision: 47 mini seconds publishing element
Info: Guideline:req_gathering_techniques: 19 mini seconds publishing element
Info: Template:vision: 18 mini seconds publishing element
Info: Role:architect: 44 mini seconds publishing element
Info: Artifact:uc_model: 34 mini seconds publishing element
Info: TermDefinition:feature: 10 mini seconds publishing element
Info: Concept:requirement_attributes: 349 mini seconds publishing element
Info: Guideline:effective_req_reviews: 28 mini seconds publishing element
Info: Checklist:vision: 32 mini seconds publishing element
Info: Concept:requirements: 19 mini seconds publishing element
Info: Task:plan_the_project: 49 mini seconds publishing element
Info: Guideline:agile_estimation: 26 mini seconds publishing element
Info: Artifact:risk_list: 30 mini seconds publishing element
Info: Concept:project_lifecycle: 24 mini seconds publishing element
Info: Task:plan_iteration: 46 mini seconds publishing element
Info: Artifact:iteration_plan: 29 mini seconds publishing element
Info: Concept:iteration: 19 mini seconds publishing element
Info: Concept:risk: 17 mini seconds publishing element
Info: Guideline:staffing_project: 13 mini seconds publishing element
Info: Guideline:self_organize_work_assignments: 16 mini seconds publishing element
Info: Guideline:risk_management: 16 mini seconds publishing element
Info: Artifact:glossary: 24 mini seconds publishing element
Info: Concept:supporting_requirements: 21 mini seconds publishing element
Info: Guideline:supporting_requirements: 23 mini seconds publishing element
Info: Concept:actor: 29 mini seconds publishing element
Info: Artifact:use_case: 36 mini seconds publishing element
Info: Guideline:find_and_outline_actors_and_ucs: 19 mini seconds publishing element
Info: Concept:core_principle_collaborate: 16 mini seconds publishing element
Info: Checklist:actor: 20 mini seconds publishing element
Info: Checklist:use_case: 33 mini seconds publishing element
Info: Checklist:uc_model: 24 mini seconds publishing element
Info: Checklist:good_requirements: 34 mini seconds publishing element
Info: Checklist:supporting_requirements: 32 mini seconds publishing element
Info: Concept:use_case: 38 mini seconds publishing element
Info: Concept:use_case_model: 28 mini seconds publishing element
Info: Guideline:requirement_pitfalls: 18 mini seconds publishing element
Info: Guideline:writing_good_requirements: 18 mini seconds publishing element
Info: Guideline:uc_model: 24 mini seconds publishing element
Info: Concept:architecturally_significant_requirements: 15 mini seconds publishing element
Info: Guideline:use_case_formats: 15 mini seconds publishing element
Info: Guideline:detail_ucs_and_scenarios: 30 mini seconds publishing element
Info: Artifact:supporting_requirements_spec: 37 mini seconds publishing element
Info: Concept:change_requests: 11 mini seconds publishing element
Info: Concept:traceability: 15 mini seconds publishing element
Info: Role:developer: 76 mini seconds publishing element
Info: Checklist:test_case: 17 mini seconds publishing element
Info: Template:test_case: 15 mini seconds publishing element
Info: Concept:iteration_lifecycle: 20 mini seconds publishing element
Info: Concept:micro_increments: 24 mini seconds publishing element
Info: Guideline:assign_changes_to_iteration: 15 mini seconds publishing element
Info: Guideline:work_items_list: 39 mini seconds publishing element
Info: Guideline:deploying_the_solution: 13 mini seconds publishing element
Info: Guideline:iteration_planning: 20 mini seconds publishing element
Info: Task:manage_iteration: 41 mini seconds publishing element
Info: Guideline:daily_meetings: 18 mini seconds publishing element
Info: Report:project_burndown: 13 mini seconds publishing element
Info: Report:iteration_burndown: 11 mini seconds publishing element
Info: Concept:metrics: 13 mini seconds publishing element
Info: Task:assess_results: 34 mini seconds publishing element
Info: Guideline:iteration_assessment: 13 mini seconds publishing element
Info: SupportingMaterial:resources_for_modifying_methods: 485 mini seconds publishing element
Info: Concept:retrospective: 13 mini seconds publishing element
Info: Guideline:conduct_retrospective: 14 mini seconds publishing element
Info: Task:outline_the_architecture: 59 mini seconds publishing element
Info: Guideline:determine_architecturally_significant_requirements: 12 mini seconds publishing element
Info: Artifact:architecture_notebook: 34 mini seconds publishing element
Info: Artifact:design: 33 mini seconds publishing element
Info: Artifact:build: 27 mini seconds publishing element
Info: Concept:arch_mech: 25 mini seconds publishing element
Info: Guideline:architectural_mechanisms: 112 mini seconds publishing element
Info: Guideline:outline_the_architecture: 26 mini seconds publishing element
Info: Concept:software_architecture: 31 mini seconds publishing element
Info: Guideline:layering: 23 mini seconds publishing element
Info: Task:refine_the_architecture: 43 mini seconds publishing element
Info: Concept:executable_architecture: 101 mini seconds publishing element
Info: Concept:elaboration_phase: 22 mini seconds publishing element
Info: Concept:business_pattern: 10 mini seconds publishing element
Info: Guideline:develop_architecture: 14 mini seconds publishing element
Info: Guideline:software_reuse: 51 mini seconds publishing element
Info: Task:design_solution: 53 mini seconds publishing element
Info: Guideline:analyze_the_design: 21 mini seconds publishing element
Info: Guideline:evolve_the_design: 30 mini seconds publishing element
Info: Guideline:entity_control_boundary_pattern: 21 mini seconds publishing element
Info: Concept:design: 24 mini seconds publishing element
Info: Artifact:implementation: 18 mini seconds publishing element
Info: Concept:pattern: 521 mini seconds publishing element
Info: Concept:refactoring: 214 mini seconds publishing element
Info: Guideline:designing_visually: 40 mini seconds publishing element
Info: Guideline:uc_realizations: 19 mini seconds publishing element
Info: Task:impl_developer_tests: 32 mini seconds publishing element
Info: Artifact:developer_test: 17 mini seconds publishing element
Info: Concept:test_first_design: 11 mini seconds publishing element
Info: Concept:developer_testing: 16 mini seconds publishing element
Info: Guideline:test_first_design: 22 mini seconds publishing element
Info: Task:implement_solution: 40 mini seconds publishing element
Info: Concept:continuous_integration: 17 mini seconds publishing element
Info: Guideline:promoting_changes: 18 mini seconds publishing element
Info: Guideline:transforming_design_into_implementation: 12 mini seconds publishing element
Info: Task:run_developer_tests: 26 mini seconds publishing element
Info: Artifact:test_log: 16 mini seconds publishing element
Info: Task:request_change: 15 mini seconds publishing element
Info: Guideline:maintaining_automated_test_suite: 13 mini seconds publishing element
Info: Guideline:programming_automated_tests: 14 mini seconds publishing element
Info: Task:integrate_and_create_build: 47 mini seconds publishing element
Info: Concept:workspace: 10 mini seconds publishing element
Info: Concept:change_set: 11 mini seconds publishing element
Info: Guideline:continuous_integration: 18 mini seconds publishing element
Info: Task:implement_test_scripts: 39 mini seconds publishing element
Info: Checklist:test_script: 14 mini seconds publishing element
Info: Task:run_tests: 39 mini seconds publishing element
Info: Artifact:test_script: 20 mini seconds publishing element
Info: Concept:core_principle_focus: 18 mini seconds publishing element
Info: Role:any_role: 21 mini seconds publishing element
Info: Template:architecture_notebook: 762 mini seconds publishing element
Info: Checklist:architecture_notebook: 19 mini seconds publishing element
Info: Concept:component: 21 mini seconds publishing element
Info: Concept:visual_modeling: 25 mini seconds publishing element
Info: Guideline:abstract_away_complexity: 21 mini seconds publishing element
Info: Guideline:architectural_view: 25 mini seconds publishing element
Info: Artifact:test_case: 23 mini seconds publishing element
Info: Concept:types_of_test: 15 mini seconds publishing element
Info: Template:uc_specification: 12 mini seconds publishing element
Info: Example:use_case_spec: 19 mini seconds publishing element
Info: Template:design: 11 mini seconds publishing element
Info: Checklist:design: 31 mini seconds publishing element
Info: Template:supporting_requirements_spec: 11 mini seconds publishing element
Info: Checklist:implementation: 16 mini seconds publishing element
Info: Concept:coding_standard: 10 mini seconds publishing element
Info: Template:work_items_list: 10 mini seconds publishing element
Info: Example:work_items_list: 32 mini seconds publishing element
Info: Checklist:work_items_list: 17 mini seconds publishing element
Info: Guideline:prioritizing_work_items: 24 mini seconds publishing element
Info: TermDefinition:risk: 6 mini seconds publishing element
Info: Template:risk_list: 11 mini seconds publishing element
Info: Checklist:risk_list: 15 mini seconds publishing element
Info: Example:uc_model_evolve: 253 mini seconds publishing element
Info: Template:iteration_plan: 11 mini seconds publishing element
Info: Example:iteration_plan: 16 mini seconds publishing element
Info: Checklist:iteration_plan: 16 mini seconds publishing element
Info: Template:project_plan: 11 mini seconds publishing element
Info: Example:project_plan: 12 mini seconds publishing element
Info: Checklist:project_plan: 12 mini seconds publishing element
Info: Template:manual_test_script: 11 mini seconds publishing element
Info: CapabilityPattern:inception_phase_iteration: 202 mini seconds publishing element
Info: CapabilityPattern:inception_phase_iteration: 209 mini seconds publishing process specific layout data
Info: RoleSet:openup_roles: 24 mini seconds publishing element
Info: Domain:requirements: 14 mini seconds publishing element
Info: WorkProductType:concept: 10 mini seconds publishing element
Info: Domain:project_management: 11 mini seconds publishing element
Info: WorkProductType:plan: 9 mini seconds publishing element
Info: Discipline:project_management: 34 mini seconds publishing element
Info: SupportingMaterial:references: 28 mini seconds publishing element
Info: Concept:inception_phase: 15 mini seconds publishing element
Info: Concept:construction_phase: 14 mini seconds publishing element
Info: Concept:transition_phase: 14 mini seconds publishing element
Info: Discipline:requirements: 29 mini seconds publishing element
Info: WorkProductType:project_data: 13 mini seconds publishing element
Info: Discipline:test: 23 mini seconds publishing element
Info: TaskDescriptor:request_change: 22 mini seconds publishing element
Info: RoleDescriptor:any_role: 10 mini seconds publishing element
Info: WorkProductDescriptor:work_items_list: 20 mini seconds publishing element
Info: WorkProductType:model: 7 mini seconds publishing element
Info: TermDefinition:stakeholder_need: 11 mini seconds publishing element
Info: Guideline:submitting_change_requests: 10 mini seconds publishing element
Info: Concept:core_principle_balance: 14 mini seconds publishing element
Info: Concept:phase: 9 mini seconds publishing element
Info: TermDefinition:work_item: 6 mini seconds publishing element
Info: Concept:core_principle_evolve: 15 mini seconds publishing element
Info: WorkProductType:specification: 11 mini seconds publishing element
Info: WorkProductType:model_element: 10 mini seconds publishing element
Info: SupportingMaterial:openup_family: 9 mini seconds publishing element
Info: Discipline:architecture: 21 mini seconds publishing element
Info: Discipline:config_and_change_management: 17 mini seconds publishing element
Info: Example:project_burndown_report_example: 10 mini seconds publishing element
Info: Example:iteration_burndown_report_example: 10 mini seconds publishing element
Info: TermDefinition:method_library: 9 mini seconds publishing element
Info: TermDefinition:method_plugin: 6 mini seconds publishing element
Info: TermDefinition:content_package: 9 mini seconds publishing element
Info: TermDefinition:process_package: 9 mini seconds publishing element
Info: TermDefinition:content_element: 9 mini seconds publishing element
Info: TermDefinition:role: 8 mini seconds publishing element
Info: TermDefinition:task: 11 mini seconds publishing element
Info: TermDefinition:work_product: 9 mini seconds publishing element
Info: TermDefinition:guidance: 12 mini seconds publishing element
Info: TermDefinition:capability_pattern: 7 mini seconds publishing element
Info: TermDefinition:delivery_process: 8 mini seconds publishing element
Info: TermDefinition:method_configuration: 7 mini seconds publishing element
Info: TermDefinition:custom_category: 9 mini seconds publishing element
Info: Domain:architecture: 57 mini seconds publishing element
Info: Domain:development: 10 mini seconds publishing element
Info: WorkProductType:solution: 10 mini seconds publishing element
Info: Example:architectural_mechanisms: 15 mini seconds publishing element
Info: Example:architectural_mechanism_attributes: 13 mini seconds publishing element
Info: Discipline:development: 21 mini seconds publishing element
Info: Guideline:refactoring: 20 mini seconds publishing element
Info: Guideline:developer_testing: 25 mini seconds publishing element
Info: TermDefinition:code_instrumentation: 7 mini seconds publishing element
Info: Domain:test: 7 mini seconds publishing element
Info: Activity:manage_iteration: 114 mini seconds publishing element
Info: Activity:agree_technical_approach: 137 mini seconds publishing element
Info: TaskDescriptor:outline_the_architecture: 66 mini seconds publishing element
Info: DeliveryProcess:openup_lifecycle: 407 mini seconds publishing element
Info: DeliveryProcess:openup_lifecycle: 473 mini seconds publishing process specific layout data
Info: CustomCategory:collab_commun_layer: 523 mini seconds publishing element
Info: CustomCategory:management_layer: 8 mini seconds publishing element
Info: CustomCategory:intent_layer: 8 mini seconds publishing element
Info: CustomCategory:solution_layer: 41 mini seconds publishing element
Info: Concept:failure_analysis_rpt_creation: 11 mini seconds publishing element
Info: CapabilityPattern:agree_technical_approach: 82 mini seconds publishing element
Info: CapabilityPattern:agree_technical_approach: 6 mini seconds publishing process specific layout data
Info: CustomCategory:architectural_mechanisms: 13 mini seconds publishing element
Info: TermDefinition:version: 7 mini seconds publishing element
Info: TermDefinition:configuration: 7 mini seconds publishing element
Info: TermDefinition:process: 7 mini seconds publishing element
Info: TermDefinition:artifact: 7 mini seconds publishing element
Info: TermDefinition:uma: 6 mini seconds publishing element
Info: TermDefinition:method_content: 7 mini seconds publishing element
Info: TermDefinition:activity: 7 mini seconds publishing element
Info: TermDefinition:discipline: 8 mini seconds publishing element
Info: TermDefinition:breakdown_structure: 7 mini seconds publishing element
Info: TermDefinition:view: 10 mini seconds publishing element
Info: Concept:collective_code_ownership: 9 mini seconds publishing element
Info: RoleDescriptor:analyst: 12 mini seconds publishing element
Info: RoleDescriptor:architect: 18 mini seconds publishing element
Info: RoleDescriptor:developer: 11 mini seconds publishing element
Info: RoleDescriptor:project_manager: 12 mini seconds publishing element
Info: RoleDescriptor:stakeholder: 10 mini seconds publishing element
Info: WorkProductDescriptor:architecture_notebook: 31 mini seconds publishing element
Info: WorkProductDescriptor:use_case: 14 mini seconds publishing element
Info: WorkProductDescriptor:supporting_requirements_spec: 21 mini seconds publishing element
Info: WorkProductDescriptor:glossary: 20 mini seconds publishing element
Info: WorkProductDescriptor:uc_model: 16 mini seconds publishing element
Info: WorkProductDescriptor:vision: 15 mini seconds publishing element
Info: Activity:inception_phase_iteration: 189 mini seconds publishing element
Info: Milestone:lifecycle_objectives: 10 mini seconds publishing element
Info: Activity:elaboration_phase_iteration: 250 mini seconds publishing element
Info: Activity:manage_iteration: 118 mini seconds publishing element
Info: Activity:identify_and_refine_requirements: 105 mini seconds publishing element
Info: Activity:develop_architecture: 141 mini seconds publishing element
Info: Activity:develop_solution: 394 mini seconds publishing element
Info: Activity:Test Solution: 91 mini seconds publishing element
Info: Activity:ongoing_tasks: 67 mini seconds publishing element
Info: Milestone:lifecycle_architecture: 13 mini seconds publishing element
Info: Activity:construction_phase_iteration: 238 mini seconds publishing element
Info: Activity:manage_iteration: 169 mini seconds publishing element
Info: Activity:identify_and_refine_requirements: 83 mini seconds publishing element
Info: TaskDescriptor:find_and_outline_requirements: 238 mini seconds publishing element
Info: TaskDescriptor:detail_requirements: 45 mini seconds publishing element
Info: TaskDescriptor:create_test_case: 29 mini seconds publishing element
Info: Activity:develop_solution: 466 mini seconds publishing element
Info: Activity:test_solution: 95 mini seconds publishing element
Info: Activity:ongoing_tasks: 78 mini seconds publishing element
Info: Milestone:initial_operational_capability: 10 mini seconds publishing element
Info: Activity:transition_phase_iteration: 187 mini seconds publishing element
Info: Activity:manage_iteration: 266 mini seconds publishing element
Info: Activity:develop_solution: 207 mini seconds publishing element
Info: Activity:test_solution: 99 mini seconds publishing element
Info: Activity:ongoing_tasks: 72 mini seconds publishing element
Info: Milestone:product_release: 10 mini seconds publishing element
Info: CapabilityPattern:elaboration_phase_iteration: 256 mini seconds publishing element
Info: CapabilityPattern:elaboration_phase_iteration: 279 mini seconds publishing process specific layout data
Info: CapabilityPattern:construction_phase_iteration: 249 mini seconds publishing element
Info: CapabilityPattern:construction_phase_iteration: 156 mini seconds publishing process specific layout data
Info: CapabilityPattern:transition_phase_iteration: 189 mini seconds publishing element
Info: CapabilityPattern:transition_phase_iteration: 135 mini seconds publishing process specific layout data
Info: CustomCategory:core_principles_category: 9 mini seconds publishing element
Info: TermDefinition:model: 6 mini seconds publishing element
Info: TermDefinition:model_element: 6 mini seconds publishing element
Info: TermDefinition:document: 5 mini seconds publishing element
Info: TermDefinition:breakdown_element: 6 mini seconds publishing element
Info: TermDefinition:descriptor: 6 mini seconds publishing element
Info: WorkProductDescriptor:test_case: 17 mini seconds publishing element
Info: WorkProductDescriptor:use_case: 20 mini seconds publishing element
Info: WorkProductDescriptor:supporting_requirements_spec: 21 mini seconds publishing element
Info: WorkProductDescriptor:glossary: 12 mini seconds publishing element
Info: WorkProductDescriptor:uc_model: 19 mini seconds publishing element
Info: RoleDescriptor:analyst: 15 mini seconds publishing element
Info: RoleDescriptor:architect: 16 mini seconds publishing element
Info: RoleDescriptor:developer: 11 mini seconds publishing element
Info: RoleDescriptor:stakeholder: 10 mini seconds publishing element
Info: RoleDescriptor:tester: 20 mini seconds publishing element
Info: WorkProductDescriptor:work_items_list: 19 mini seconds publishing element
Info: WorkProductDescriptor:iteration_plan: 16 mini seconds publishing element
Info: WorkProductDescriptor:vision: 22 mini seconds publishing element
Info: TermDefinition:view_element: 10 mini seconds publishing element
Info: : Publishing time: 0 minutes 24 seconds
